<?xml version="1.0" encoding="UTF-8"?>
<testng-results skipped="0" failed="0" total="1" passed="1">
  <reporter-output>
    <line>
      <![CDATA[<br></br>Step 1 : Open url:<a>http://mail.google.com</a>]]>
    </line>
    <line>
      <![CDATA[<br></br>Verify that Gmail login page is open or not.]]>
    </line>
    <line>
      <![CDATA[<br></br><Strong><font color=#008000>Pass</font></strong>]]>
    </line>
    <line>
      <![CDATA[<br></br>Step : Enter email id.tarpanworld13@gmail.com]]>
    </line>
    <line>
      <![CDATA[<br></br>Step : Click on Next button.]]>
    </line>
    <line>
      <![CDATA[<br></br>Step : Enter password.taps@107]]>
    </line>
    <line>
      <![CDATA[<br></br>Step : Click on Sign in button.]]>
    </line>
    <line>
      <![CDATA[<br></br><Strong><font color=#008000>Pass</font></strong>]]>
    </line>
    <line>
      <![CDATA[<br></br><br></br> Not able to perform logout]]>
    </line>
  </reporter-output>
  <suite name="ST - Events Module" duration-ms="74563" started-at="2015-10-29T11:02:53Z" finished-at="2015-10-29T11:04:07Z">
    <groups>
    </groups>
    <test name="To verify Login functionality." duration-ms="74563" started-at="2015-10-29T11:02:53Z" finished-at="2015-10-29T11:04:07Z">
      <class name="com.login.Index.loginIndex">
        <test-method status="PASS" signature="fetchSuiteConfiguration(org.testng.ITestContext)[pri:0, instance:com.login.Index.loginIndex@7cdbc5d3]" name="fetchSuiteConfiguration" is-config="true" duration-ms="26" started-at="2015-10-29T04:02:53Z" finished-at="2015-10-29T04:02:53Z">
          <params>
            <param index="0">
              <value>
                <![CDATA[org.testng.TestRunner@8c16aa]]>
              </value>
            </param>
          </params>
          <reporter-output>
          </reporter-output>
        </test-method> <!-- fetchSuiteConfiguration -->
        <test-method status="PASS" signature="setUp(java.lang.reflect.Method, org.testng.ITestContext)[pri:0, instance:com.login.Index.loginIndex@7cdbc5d3]" name="setUp" is-config="true" duration-ms="10172" started-at="2015-10-29T04:02:53Z" finished-at="2015-10-29T04:03:03Z">
          <params>
            <param index="0">
              <value>
                <![CDATA[public void com.login.Index.loginIndex.login_tarpan_credential() throws java.lang.Exception]]>
              </value>
            </param>
            <param index="1">
              <value>
                <![CDATA[org.testng.TestRunner@8c16aa]]>
              </value>
            </param>
          </params>
          <reporter-output>
          </reporter-output>
        </test-method> <!-- setUp -->
        <test-method status="PASS" signature="login_tarpan_credential()[pri:1, instance:com.login.Index.loginIndex@7cdbc5d3]" name="login_tarpan_credential" duration-ms="33441" started-at="2015-10-29T04:03:03Z" finished-at="2015-10-29T04:03:36Z">
          <reporter-output>
            <line>
              <![CDATA[<br></br>Step 1 : Open url:<a>http://mail.google.com</a>]]>
            </line>
            <line>
              <![CDATA[<br></br>Verify that Gmail login page is open or not.]]>
            </line>
            <line>
              <![CDATA[<br></br><Strong><font color=#008000>Pass</font></strong>]]>
            </line>
            <line>
              <![CDATA[<br></br>Step : Enter email id.tarpanworld13@gmail.com]]>
            </line>
            <line>
              <![CDATA[<br></br>Step : Click on Next button.]]>
            </line>
            <line>
              <![CDATA[<br></br>Step : Enter password.taps@107]]>
            </line>
            <line>
              <![CDATA[<br></br>Step : Click on Sign in button.]]>
            </line>
            <line>
              <![CDATA[<br></br><Strong><font color=#008000>Pass</font></strong>]]>
            </line>
          </reporter-output>
        </test-method> <!-- login_tarpan_credential -->
        <test-method status="PASS" signature="tearDown(org.testng.ITestResult)[pri:0, instance:com.login.Index.loginIndex@7cdbc5d3]" name="tearDown" is-config="true" duration-ms="30903" started-at="2015-10-29T04:03:36Z" finished-at="2015-10-29T04:04:07Z">
          <params>
            <param index="0">
              <value>
                <![CDATA[[TestResult name=login_tarpan_credential status=SUCCESS method=loginIndex.login_tarpan_credential()[pri:1, instance:com.login.Index.loginIndex@7cdbc5d3] output=<br></br>Step 1 : Open url:<a>http://mail.google.com</a>]]]>
              </value>
            </param>
          </params>
          <reporter-output>
            <line>
              <![CDATA[<br></br><br></br> Not able to perform logout]]>
            </line>
          </reporter-output>
        </test-method> <!-- tearDown -->
      </class> <!-- com.login.Index.loginIndex -->
    </test> <!-- To verify Login functionality. -->
  </suite> <!-- ST - Events Module -->
</testng-results>
